INFO  05:00:19 Application started. Press Ctrl+C to shut down.
INFO  05:00:19 Application started. Press Ctrl+C to shut down.
INFO  05:00:19 Hosting environment: Development
INFO  05:00:19 Hosting environment: Development
INFO  05:00:19 Content root path: D:\DOWNLOADS\FIREFOX\Claims-Management-System(2)\ClaimManagementSystem-2\ClaimsMicroservice
INFO  05:00:19 Content root path: D:\DOWNLOADS\FIREFOX\Claims-Management-System(2)\ClaimManagementSystem-2\ClaimsMicroservice
INFO  11:17:59 Application started. Press Ctrl+C to shut down.
INFO  11:18:00 Application started. Press Ctrl+C to shut down.
INFO  11:18:00 Hosting environment: Development
INFO  11:18:00 Hosting environment: Development
INFO  11:18:00 Content root path: D:\DOWNLOADS\FIREFOX\Claims-Management-System(2)\ClaimManagementSystem-2\ClaimsMicroservice
INFO  11:18:00 Content root path: D:\DOWNLOADS\FIREFOX\Claims-Management-System(2)\ClaimManagementSystem-2\ClaimsMicroservice
INFO  11:39:44 SubmitClaim Method Called
INFO  11:40:03 GetClaimStatus Method Called
INFO  11:40:23 GetClaimStatus Method Called
INFO  04:33:26 Application started. Press Ctrl+C to shut down.
INFO  04:33:26 Application started. Press Ctrl+C to shut down.
INFO  04:33:26 Hosting environment: Development
INFO  04:33:26 Hosting environment: Development
INFO  04:33:26 Content root path: D:\DOWNLOADS\FIREFOX\Claims-Management-System(2)\ClaimManagementSystem-2\ClaimsMicroservice
INFO  04:33:26 Content root path: D:\DOWNLOADS\FIREFOX\Claims-Management-System(2)\ClaimManagementSystem-2\ClaimsMicroservice
INFO  04:46:25 Application started. Press Ctrl+C to shut down.
INFO  04:46:25 Application started. Press Ctrl+C to shut down.
INFO  04:46:25 Hosting environment: Development
INFO  04:46:25 Hosting environment: Development
INFO  04:46:25 Content root path: D:\DOWNLOADS\FIREFOX\Claims-Management-System(2)\ClaimManagementSystem-2\ClaimsMicroservice
INFO  04:46:25 Content root path: D:\DOWNLOADS\FIREFOX\Claims-Management-System(2)\ClaimManagementSystem-2\ClaimsMicroservice
INFO  08:47:37 Now listening on: https://localhost:5001
INFO  08:47:37 Now listening on: https://localhost:5001
INFO  08:47:37 Now listening on: http://localhost:5000
INFO  08:47:37 Now listening on: http://localhost:5000
INFO  08:47:37 Application started. Press Ctrl+C to shut down.
INFO  08:47:37 Application started. Press Ctrl+C to shut down.
INFO  08:47:37 Hosting environment: Development
INFO  08:47:37 Hosting environment: Development
INFO  08:47:37 Content root path: D:\DOWNLOADS\FIREFOX\Claims-Management-System(2)\ClaimManagementSystem-2\ClaimsMicroservice
INFO  08:47:37 Content root path: D:\DOWNLOADS\FIREFOX\Claims-Management-System(2)\ClaimManagementSystem-2\ClaimsMicroservice
INFO  03:17:32 Application started. Press Ctrl+C to shut down.
INFO  03:17:32 Application started. Press Ctrl+C to shut down.
INFO  03:17:32 Hosting environment: Development
INFO  03:17:32 Hosting environment: Development
INFO  03:17:32 Content root path: D:\DOWNLOADS\FIREFOX\Claims-Management-System(2)\ClaimManagementSystem-2\ClaimsMicroservice
INFO  03:17:32 Content root path: D:\DOWNLOADS\FIREFOX\Claims-Management-System(2)\ClaimManagementSystem-2\ClaimsMicroservice
INFO  05:54:45 GetClaimStatus Method Called
INFO  06:31:29 SubmitClaim Method Called
INFO  06:44:35 SubmitClaim Method Called
INFO  06:46:26 SubmitClaim Method Called
INFO  06:46:34 SubmitClaim Method Called
INFO  06:46:45 SubmitClaim Method Called
INFO  07:06:32 SubmitClaim Method Called
INFO  07:17:20 GetClaimStatus Method Called
INFO  07:17:27 GetClaimStatus Method Called
INFO  07:19:14 GetClaimStatus Method Called
INFO  08:51:19 GetClaimStatus Method Called
INFO  05:31:44 Application started. Press Ctrl+C to shut down.
INFO  05:31:44 Application started. Press Ctrl+C to shut down.
INFO  05:31:44 Hosting environment: Development
INFO  05:31:44 Hosting environment: Development
INFO  05:31:44 Content root path: D:\DOWNLOADS\FIREFOX\Claims-Management-System(2)\ClaimManagementSystem-2\ClaimsMicroservice
INFO  05:31:44 Content root path: D:\DOWNLOADS\FIREFOX\Claims-Management-System(2)\ClaimManagementSystem-2\ClaimsMicroservice
INFO  06:32:42 Application started. Press Ctrl+C to shut down.
INFO  06:32:42 Application started. Press Ctrl+C to shut down.
INFO  06:32:42 Hosting environment: Development
INFO  06:32:42 Hosting environment: Development
INFO  06:32:42 Content root path: D:\DOWNLOADS\FIREFOX\Claims-Management-System(2)\ClaimManagementSystem-2\ClaimsMicroservice
INFO  06:32:42 Content root path: D:\DOWNLOADS\FIREFOX\Claims-Management-System(2)\ClaimManagementSystem-2\ClaimsMicroservice
INFO  04:47:08 Application started. Press Ctrl+C to shut down.
INFO  04:47:08 Application started. Press Ctrl+C to shut down.
INFO  04:47:08 Hosting environment: Development
INFO  04:47:08 Hosting environment: Development
INFO  04:47:08 Content root path: D:\DOWNLOADS\FIREFOX\Claims-Management-System(2)\ClaimManagementSystem-2\ClaimsMicroservice
INFO  04:47:08 Content root path: D:\DOWNLOADS\FIREFOX\Claims-Management-System(2)\ClaimManagementSystem-2\ClaimsMicroservice
INFO  05:28:13 Application started. Press Ctrl+C to shut down.
INFO  05:28:14 Application started. Press Ctrl+C to shut down.
INFO  05:28:14 Hosting environment: Development
INFO  05:28:14 Hosting environment: Development
INFO  05:28:14 Content root path: D:\DOWNLOADS\FIREFOX\Claims-Management-System(2)\ClaimManagementSystem-2\ClaimsMicroservice
INFO  05:28:14 Content root path: D:\DOWNLOADS\FIREFOX\Claims-Management-System(2)\ClaimManagementSystem-2\ClaimsMicroservice
INFO  09:54:54 Application started. Press Ctrl+C to shut down.
INFO  09:54:54 Application started. Press Ctrl+C to shut down.
INFO  09:54:54 Hosting environment: Development
INFO  09:54:54 Hosting environment: Development
INFO  09:54:54 Content root path: D:\DOWNLOADS\FIREFOX\Claims-Management-System(2)\ClaimManagementSystem-2\ClaimsMicroservice
INFO  09:54:54 Content root path: D:\DOWNLOADS\FIREFOX\Claims-Management-System(2)\ClaimManagementSystem-2\ClaimsMicroservice
INFO  10:30:57 GetClaimStatus Method Called
INFO  10:36:48 SubmitClaim Method Called
