INFO  05:17:09 Application started. Press Ctrl+C to shut down.
INFO  05:17:09 Application started. Press Ctrl+C to shut down.
INFO  05:17:09 Hosting environment: Development
INFO  05:17:09 Hosting environment: Development
INFO  05:17:09 Content root path: D:\DOWNLOADS\FIREFOX\Claims-Management-System(2)\ClaimManagementSystem-2\MemberMicroservice
INFO  05:17:09 Content root path: D:\DOWNLOADS\FIREFOX\Claims-Management-System(2)\ClaimManagementSystem-2\MemberMicroservice
INFO  11:17:18 Application started. Press Ctrl+C to shut down.
INFO  11:17:18 Application started. Press Ctrl+C to shut down.
INFO  11:17:18 Hosting environment: Development
INFO  11:17:18 Hosting environment: Development
INFO  11:17:18 Content root path: D:\DOWNLOADS\FIREFOX\Claims-Management-System(2)\ClaimManagementSystem-2\MemberMicroservice
INFO  11:17:18 Content root path: D:\DOWNLOADS\FIREFOX\Claims-Management-System(2)\ClaimManagementSystem-2\MemberMicroservice
INFO  11:39:42 SubmitClaim Accesed
INFO  11:40:02 GetClaimStatus Accesed
INFO  11:40:05 ViewBills Accesed
INFO  11:40:23 GetClaimStatus Accesed
INFO  12:12:54 Application started. Press Ctrl+C to shut down.
INFO  12:12:54 Application started. Press Ctrl+C to shut down.
INFO  12:12:54 Hosting environment: Development
INFO  12:12:54 Hosting environment: Development
INFO  12:12:54 Content root path: D:\DOWNLOADS\FIREFOX\Claims-Management-System(2)\ClaimManagementSystem-2\MemberMicroservice
INFO  12:12:54 Content root path: D:\DOWNLOADS\FIREFOX\Claims-Management-System(2)\ClaimManagementSystem-2\MemberMicroservice
INFO  04:40:19 Application started. Press Ctrl+C to shut down.
INFO  04:40:19 Application started. Press Ctrl+C to shut down.
INFO  04:40:19 Hosting environment: Development
INFO  04:40:19 Hosting environment: Development
INFO  04:40:19 Content root path: D:\DOWNLOADS\FIREFOX\Claims-Management-System(2)\ClaimManagementSystem-2\MemberMicroservice
INFO  04:40:19 Content root path: D:\DOWNLOADS\FIREFOX\Claims-Management-System(2)\ClaimManagementSystem-2\MemberMicroservice
INFO  05:50:43 Application started. Press Ctrl+C to shut down.
INFO  05:50:43 Application started. Press Ctrl+C to shut down.
INFO  05:50:43 Hosting environment: Development
INFO  05:50:43 Hosting environment: Development
INFO  05:50:43 Content root path: D:\DOWNLOADS\FIREFOX\Claims-Management-System(2)\ClaimManagementSystem-2\MemberMicroservice
INFO  05:50:43 Content root path: D:\DOWNLOADS\FIREFOX\Claims-Management-System(2)\ClaimManagementSystem-2\MemberMicroservice
INFO  06:12:05 Application started. Press Ctrl+C to shut down.
INFO  06:12:05 Application started. Press Ctrl+C to shut down.
INFO  06:12:05 Hosting environment: Development
INFO  06:12:05 Hosting environment: Development
INFO  06:12:05 Content root path: D:\DOWNLOADS\FIREFOX\Claims-Management-System(2)\ClaimManagementSystem-2\MemberMicroservice
INFO  06:12:05 Content root path: D:\DOWNLOADS\FIREFOX\Claims-Management-System(2)\ClaimManagementSystem-2\MemberMicroservice
INFO  03:02:31 Application started. Press Ctrl+C to shut down.
INFO  03:02:31 Application started. Press Ctrl+C to shut down.
INFO  03:02:31 Hosting environment: Development
INFO  03:02:31 Hosting environment: Development
INFO  03:02:31 Content root path: D:\DOWNLOADS\FIREFOX\Claims-Management-System(2)\ClaimManagementSystem-2\MemberMicroservice
INFO  03:02:31 Content root path: D:\DOWNLOADS\FIREFOX\Claims-Management-System(2)\ClaimManagementSystem-2\MemberMicroservice
INFO  12:01:18 Application started. Press Ctrl+C to shut down.
INFO  12:01:18 Application started. Press Ctrl+C to shut down.
INFO  12:01:18 Hosting environment: Development
INFO  12:01:18 Hosting environment: Development
INFO  12:01:18 Content root path: D:\DOWNLOADS\FIREFOX\Claims-Management-System(2)\ClaimManagementSystem-2\MemberMicroservice
INFO  12:01:18 Content root path: D:\DOWNLOADS\FIREFOX\Claims-Management-System(2)\ClaimManagementSystem-2\MemberMicroservice
INFO  08:34:54 Application started. Press Ctrl+C to shut down.
INFO  08:34:54 Application started. Press Ctrl+C to shut down.
INFO  08:34:54 Hosting environment: Development
INFO  08:34:54 Hosting environment: Development
INFO  08:34:54 Content root path: D:\DOWNLOADS\FIREFOX\Claims-Management-System(2)\ClaimManagementSystem-2\MemberMicroservice
INFO  08:34:54 Content root path: D:\DOWNLOADS\FIREFOX\Claims-Management-System(2)\ClaimManagementSystem-2\MemberMicroservice
INFO  03:13:59 Application started. Press Ctrl+C to shut down.
INFO  03:13:59 Application started. Press Ctrl+C to shut down.
INFO  03:13:59 Hosting environment: Development
INFO  03:13:59 Hosting environment: Development
INFO  03:13:59 Content root path: D:\DOWNLOADS\FIREFOX\Claims-Management-System(2)\ClaimManagementSystem-2\MemberMicroservice
INFO  03:13:59 Content root path: D:\DOWNLOADS\FIREFOX\Claims-Management-System(2)\ClaimManagementSystem-2\MemberMicroservice
INFO  07:44:31 Application started. Press Ctrl+C to shut down.
INFO  07:44:31 Application started. Press Ctrl+C to shut down.
INFO  07:44:31 Hosting environment: Development
INFO  07:44:31 Hosting environment: Development
INFO  07:44:31 Content root path: D:\DOWNLOADS\FIREFOX\Claims-Management-System(2)\ClaimManagementSystem-2\MemberMicroservice
INFO  07:44:31 Content root path: D:\DOWNLOADS\FIREFOX\Claims-Management-System(2)\ClaimManagementSystem-2\MemberMicroservice
INFO  06:16:02 Application started. Press Ctrl+C to shut down.
INFO  06:16:02 Application started. Press Ctrl+C to shut down.
INFO  06:16:02 Hosting environment: Development
INFO  06:16:02 Hosting environment: Development
INFO  06:16:02 Content root path: D:\DOWNLOADS\FIREFOX\Claims-Management-System(2)\ClaimManagementSystem-2\MemberMicroservice
INFO  06:16:02 Content root path: D:\DOWNLOADS\FIREFOX\Claims-Management-System(2)\ClaimManagementSystem-2\MemberMicroservice
INFO  06:31:24 SubmitClaim Accesed
INFO  06:44:35 SubmitClaim Accesed
INFO  06:46:26 SubmitClaim Accesed
INFO  06:46:34 SubmitClaim Accesed
INFO  06:46:45 SubmitClaim Accesed
INFO  07:06:32 SubmitClaim Accesed
INFO  07:17:20 GetClaimStatus Accesed
INFO  07:17:27 GetClaimStatus Accesed
INFO  07:19:14 GetClaimStatus Accesed
INFO  07:19:41 ViewBills Accesed
INFO  08:51:17 GetClaimStatus Accesed
INFO  10:25:01 Application started. Press Ctrl+C to shut down.
INFO  10:25:01 Application started. Press Ctrl+C to shut down.
INFO  10:25:01 Hosting environment: Development
INFO  10:25:01 Hosting environment: Development
INFO  10:25:01 Content root path: D:\DOWNLOADS\FIREFOX\Claims-Management-System(2)\ClaimManagementSystem-2\MemberMicroservice
INFO  10:25:01 Content root path: D:\DOWNLOADS\FIREFOX\Claims-Management-System(2)\ClaimManagementSystem-2\MemberMicroservice
INFO  10:33:35 Application started. Press Ctrl+C to shut down.
INFO  10:33:35 Application started. Press Ctrl+C to shut down.
INFO  10:33:35 Hosting environment: Development
INFO  10:33:35 Hosting environment: Development
INFO  10:33:35 Content root path: D:\DOWNLOADS\FIREFOX\Claims-Management-System(2)\ClaimManagementSystem-2\MemberMicroservice
INFO  10:33:35 Content root path: D:\DOWNLOADS\FIREFOX\Claims-Management-System(2)\ClaimManagementSystem-2\MemberMicroservice
INFO  05:25:16 Application started. Press Ctrl+C to shut down.
INFO  05:25:16 Application started. Press Ctrl+C to shut down.
INFO  05:25:16 Hosting environment: Development
INFO  05:25:16 Hosting environment: Development
INFO  05:25:16 Content root path: D:\DOWNLOADS\FIREFOX\Claims-Management-System(2)\ClaimManagementSystem-2\MemberMicroservice
INFO  05:25:16 Content root path: D:\DOWNLOADS\FIREFOX\Claims-Management-System(2)\ClaimManagementSystem-2\MemberMicroservice
INFO  05:56:56 Application started. Press Ctrl+C to shut down.
INFO  05:56:56 Application started. Press Ctrl+C to shut down.
INFO  05:56:56 Hosting environment: Development
INFO  05:56:56 Hosting environment: Development
INFO  05:56:56 Content root path: D:\DOWNLOADS\FIREFOX\Claims-Management-System(2)\ClaimManagementSystem-2\MemberMicroservice
INFO  05:56:56 Content root path: D:\DOWNLOADS\FIREFOX\Claims-Management-System(2)\ClaimManagementSystem-2\MemberMicroservice
INFO  06:37:04 Application started. Press Ctrl+C to shut down.
INFO  06:37:04 Application started. Press Ctrl+C to shut down.
INFO  06:37:04 Hosting environment: Development
INFO  06:37:04 Hosting environment: Development
INFO  06:37:04 Content root path: D:\DOWNLOADS\FIREFOX\Claims-Management-System(2)\ClaimManagementSystem-2\MemberMicroservice
INFO  06:37:04 Content root path: D:\DOWNLOADS\FIREFOX\Claims-Management-System(2)\ClaimManagementSystem-2\MemberMicroservice
INFO  06:42:45 UpdateMember Accesed
INFO  07:45:47 UpdateMember Accesed
INFO  08:39:13 UpdateMember Accesed
INFO  08:42:57 UpdateMember Accesed
INFO  08:53:24 UpdateMember Accesed
INFO  08:55:12 UpdateMember Accesed
INFO  03:54:00 Application started. Press Ctrl+C to shut down.
INFO  03:54:01 Application started. Press Ctrl+C to shut down.
INFO  03:54:01 Hosting environment: Development
INFO  03:54:01 Hosting environment: Development
INFO  03:54:01 Content root path: D:\DOWNLOADS\FIREFOX\Claims-Management-System(2)\ClaimManagementSystem-2\MemberMicroservice
INFO  03:54:01 Content root path: D:\DOWNLOADS\FIREFOX\Claims-Management-System(2)\ClaimManagementSystem-2\MemberMicroservice
INFO  03:58:23 Application started. Press Ctrl+C to shut down.
INFO  03:58:23 Application started. Press Ctrl+C to shut down.
INFO  03:58:23 Hosting environment: Development
INFO  03:58:23 Hosting environment: Development
INFO  03:58:23 Content root path: D:\DOWNLOADS\FIREFOX\Claims-Management-System(2)\ClaimManagementSystem-2\MemberMicroservice
INFO  03:58:23 Content root path: D:\DOWNLOADS\FIREFOX\Claims-Management-System(2)\ClaimManagementSystem-2\MemberMicroservice
INFO  04:00:28 Application started. Press Ctrl+C to shut down.
INFO  04:00:28 Application started. Press Ctrl+C to shut down.
INFO  04:00:28 Hosting environment: Development
INFO  04:00:28 Hosting environment: Development
INFO  04:00:29 Content root path: D:\DOWNLOADS\FIREFOX\Claims-Management-System(2)\ClaimManagementSystem-2\MemberMicroservice
INFO  04:00:29 Content root path: D:\DOWNLOADS\FIREFOX\Claims-Management-System(2)\ClaimManagementSystem-2\MemberMicroservice
INFO  04:01:11 Application started. Press Ctrl+C to shut down.
INFO  04:01:11 Application started. Press Ctrl+C to shut down.
INFO  04:01:11 Hosting environment: Development
INFO  04:01:11 Hosting environment: Development
INFO  04:01:11 Content root path: D:\DOWNLOADS\FIREFOX\Claims-Management-System(2)\ClaimManagementSystem-2\MemberMicroservice
INFO  04:01:11 Content root path: D:\DOWNLOADS\FIREFOX\Claims-Management-System(2)\ClaimManagementSystem-2\MemberMicroservice
INFO  04:06:21 Application started. Press Ctrl+C to shut down.
INFO  04:06:21 Application started. Press Ctrl+C to shut down.
INFO  04:06:21 Hosting environment: Development
INFO  04:06:21 Hosting environment: Development
INFO  04:06:21 Content root path: D:\DOWNLOADS\FIREFOX\Claims-Management-System(2)\ClaimManagementSystem-2\MemberMicroservice
INFO  04:06:21 Content root path: D:\DOWNLOADS\FIREFOX\Claims-Management-System(2)\ClaimManagementSystem-2\MemberMicroservice
INFO  04:30:58 Application started. Press Ctrl+C to shut down.
INFO  04:30:58 Application started. Press Ctrl+C to shut down.
INFO  04:30:58 Hosting environment: Development
INFO  04:30:58 Hosting environment: Development
INFO  04:30:58 Content root path: D:\DOWNLOADS\FIREFOX\Claims-Management-System(2)\ClaimManagementSystem-2\MemberMicroservice
INFO  04:30:58 Content root path: D:\DOWNLOADS\FIREFOX\Claims-Management-System(2)\ClaimManagementSystem-2\MemberMicroservice
INFO  04:33:50 Application started. Press Ctrl+C to shut down.
INFO  04:33:50 Application started. Press Ctrl+C to shut down.
INFO  04:33:50 Hosting environment: Development
INFO  04:33:50 Hosting environment: Development
INFO  04:33:50 Content root path: D:\DOWNLOADS\FIREFOX\Claims-Management-System(2)\ClaimManagementSystem-2\MemberMicroservice
INFO  04:33:50 Content root path: D:\DOWNLOADS\FIREFOX\Claims-Management-System(2)\ClaimManagementSystem-2\MemberMicroservice
INFO  04:48:46 UpdateMember Accesed
INFO  05:26:38 Application started. Press Ctrl+C to shut down.
INFO  05:26:38 Application started. Press Ctrl+C to shut down.
INFO  05:26:38 Hosting environment: Development
INFO  05:26:38 Hosting environment: Development
INFO  05:26:38 Content root path: D:\DOWNLOADS\FIREFOX\Claims-Management-System(2)\ClaimManagementSystem-2\MemberMicroservice
INFO  05:26:38 Content root path: D:\DOWNLOADS\FIREFOX\Claims-Management-System(2)\ClaimManagementSystem-2\MemberMicroservice
INFO  09:52:37 Application started. Press Ctrl+C to shut down.
INFO  09:52:37 Application started. Press Ctrl+C to shut down.
INFO  09:52:37 Hosting environment: Development
INFO  09:52:37 Hosting environment: Development
INFO  09:52:37 Content root path: D:\DOWNLOADS\FIREFOX\Claims-Management-System(2)\ClaimManagementSystem-2\MemberMicroservice
INFO  09:52:37 Content root path: D:\DOWNLOADS\FIREFOX\Claims-Management-System(2)\ClaimManagementSystem-2\MemberMicroservice
INFO  10:28:13 UpdateMember Accesed
INFO  10:30:52 GetClaimStatus Accesed
INFO  10:30:59 ViewBills Accesed
INFO  10:36:37 SubmitClaim Accesed
INFO  12:23:07 Application started. Press Ctrl+C to shut down.
INFO  12:23:08 Application started. Press Ctrl+C to shut down.
INFO  12:23:08 Hosting environment: Development
INFO  12:23:08 Hosting environment: Development
INFO  12:23:08 Content root path: D:\DOWNLOADS\FIREFOX\Claims-Management-System(2)\ClaimManagementSystem-2\MemberMicroservice
INFO  12:23:08 Content root path: D:\DOWNLOADS\FIREFOX\Claims-Management-System(2)\ClaimManagementSystem-2\MemberMicroservice
INFO  06:31:32 Application started. Press Ctrl+C to shut down.
INFO  06:31:32 Application started. Press Ctrl+C to shut down.
INFO  06:31:32 Hosting environment: Development
INFO  06:31:32 Hosting environment: Development
INFO  06:31:32 Content root path: D:\DOWNLOADS\FIREFOX\Claims-Management-System(2)\ClaimManagementSystem-2\MemberMicroservice
INFO  06:31:32 Content root path: D:\DOWNLOADS\FIREFOX\Claims-Management-System(2)\ClaimManagementSystem-2\MemberMicroservice
INFO  06:38:57 Application started. Press Ctrl+C to shut down.
INFO  06:38:57 Application started. Press Ctrl+C to shut down.
INFO  06:38:57 Hosting environment: Development
INFO  06:38:57 Hosting environment: Development
INFO  06:38:57 Content root path: D:\DOWNLOADS\FIREFOX\Claims-Management-System(2)\ClaimManagementSystem-2\MemberMicroservice
INFO  06:38:57 Content root path: D:\DOWNLOADS\FIREFOX\Claims-Management-System(2)\ClaimManagementSystem-2\MemberMicroservice
